<?xml version="1.0" encoding="UTF-8" ?>
<testsuite errors="0" failures="0" hostname="YIL-Jhih-Chen" name="Vsaas.Login_Junit" skipped="0" tests="1" time="29.469" timestamp="2017-03-17T09:12:10">
  <properties>
[...]
</properties>
  <testcase classname="Vsaas.Login_Junit" name="Login_Z" time="5.67" />
  <system-out><![CDATA[測試瀏覽器：[IE, FireFox, Chrome]
]]></system-out>
  <system-err><![CDATA[三月 17, 2017 5:12:13 下午 org.openqa.selenium.remote.ProtocolHandshake createSession
資訊: Detected dialect: OSS
三月 17, 2017 5:12:21 下午 org.openqa.selenium.remote.ProtocolHandshake createSession
資訊: Detected dialect: OSS
三月 17, 2017 5:12:28 下午 org.openqa.selenium.remote.ProtocolHandshake createSession
資訊: Detected dialect: OSS
]]></system-err>
</testsuite>
